  Surface_mesh.cpp
C:\Users\Dominic\Desktop\Projects\mesh-deformation\include\surface_mesh/Surface_mesh.h(1668): warning C4244: '=': conversion from 'double' to 'float', possible loss of data
surface_mesh\Surface_mesh.cpp(835): warning C4101: 'denom': unreferenced local variable
surface_mesh\Surface_mesh.cpp(835): warning C4101: 'angle': unreferenced local variable
surface_mesh\Surface_mesh.cpp(835): warning C4101: 'cosine': unreferenced local variable
surface_mesh\Surface_mesh.cpp(1715): warning C4244: 'initializing': conversion from 'double' to 'float', possible loss of data
surface_mesh\Surface_mesh.cpp(1716): warning C4244: 'return': conversion from 'double' to 'float', possible loss of data
surface_mesh\Surface_mesh.cpp(1743): warning C4244: 'initializing': conversion from 'double' to 'float', possible loss of data
  IO_stl.cpp
C:\Users\Dominic\Desktop\Projects\mesh-deformation\include\surface_mesh/Surface_mesh.h(1668): warning C4244: '=': conversion from 'double' to 'float', possible loss of data
surface_mesh\IO_stl.cpp(97): warning C4996: 'fopen': This function or variable may be unsafe. Consider using fopen_s instead. To disable deprecation, use _CRT_SECURE_NO_WARNINGS. See online help for details.
  C:\Program Files (x86)\Windows Kits\10\Include\10.0.14393.0\ucrt\stdio.h(207): note: see declaration of 'fopen'
surface_mesh\IO_stl.cpp(113): warning C4996: 'fopen': This function or variable may be unsafe. Consider using fopen_s instead. To disable deprecation, use _CRT_SECURE_NO_WARNINGS. See online help for details.
  C:\Program Files (x86)\Windows Kits\10\Include\10.0.14393.0\ucrt\stdio.h(207): note: see declaration of 'fopen'
surface_mesh\IO_stl.cpp(186): warning C4477: 'sscanf' : format string '%f' requires an argument of type 'float *', but variadic argument 1 has type 'double *'
  surface_mesh\IO_stl.cpp(186): note: consider using '%lf' in the format string
surface_mesh\IO_stl.cpp(186): warning C4477: 'sscanf' : format string '%f' requires an argument of type 'float *', but variadic argument 2 has type 'double *'
  surface_mesh\IO_stl.cpp(186): note: consider using '%lf' in the format string
surface_mesh\IO_stl.cpp(186): warning C4477: 'sscanf' : format string '%f' requires an argument of type 'float *', but variadic argument 3 has type 'double *'
  surface_mesh\IO_stl.cpp(186): note: consider using '%lf' in the format string
surface_mesh\IO_stl.cpp(186): warning C4996: 'sscanf': This function or variable may be unsafe. Consider using sscanf_s instead. To disable deprecation, use _CRT_SECURE_NO_WARNINGS. See online help for details.
  C:\Program Files (x86)\Windows Kits\10\Include\10.0.14393.0\ucrt\stdio.h(2254): note: see declaration of 'sscanf'
  IO_poly.cpp
C:\Users\Dominic\Desktop\Projects\mesh-deformation\include\surface_mesh/Surface_mesh.h(1668): warning C4244: '=': conversion from 'double' to 'float', possible loss of data
C:\Users\Dominic\Desktop\Projects\mesh-deformation\include\surface_mesh/tinyply.h(174): warning C4018: '<': signed/unsigned mismatch
surface_mesh\IO_poly.cpp(117): warning C4996: 'fopen': This function or variable may be unsafe. Consider using fopen_s instead. To disable deprecation, use _CRT_SECURE_NO_WARNINGS. See online help for details.
  C:\Program Files (x86)\Windows Kits\10\Include\10.0.14393.0\ucrt\stdio.h(207): note: see declaration of 'fopen'
  IO_off.cpp
C:\Users\Dominic\Desktop\Projects\mesh-deformation\include\surface_mesh/Surface_mesh.h(1668): warning C4244: '=': conversion from 'double' to 'float', possible loss of data
C:\Users\Dominic\Desktop\Projects\mesh-deformation\include\surface_mesh/properties.h(98): error C2719: 't': formal parameter with requested alignment of 16 won't be aligned
  C:\Users\Dominic\Desktop\Projects\mesh-deformation\include\surface_mesh/properties.h(197): note: see reference to class template instantiation 'surface_mesh::Property_array<T>' being compiled
          with
          [
              T=surface_mesh::Texture_coordinate
          ]
  C:\Users\Dominic\Desktop\Projects\mesh-deformation\include\surface_mesh/Surface_mesh.h(185): note: see reference to class template instantiation 'surface_mesh::Property<T>' being compiled
          with
          [
              T=surface_mesh::Texture_coordinate
          ]
  surface_mesh\IO_off.cpp(65): note: see reference to class template instantiation 'surface_mesh::Surface_mesh::Vertex_property<surface_mesh::Texture_coordinate>' being compiled
surface_mesh\IO_off.cpp(73): warning C4996: 'fscanf': This function or variable may be unsafe. Consider using fscanf_s instead. To disable deprecation, use _CRT_SECURE_NO_WARNINGS. See online help for details.
  C:\Program Files (x86)\Windows Kits\10\Include\10.0.14393.0\ucrt\stdio.h(1192): note: see declaration of 'fscanf'
surface_mesh\IO_off.cpp(87): warning C4477: 'sscanf' : format string '%f' requires an argument of type 'float *', but variadic argument 1 has type 'double *'
  surface_mesh\IO_off.cpp(87): note: consider using '%lf' in the format string
surface_mesh\IO_off.cpp(87): warning C4477: 'sscanf' : format string '%f' requires an argument of type 'float *', but variadic argument 2 has type 'double *'
  surface_mesh\IO_off.cpp(87): note: consider using '%lf' in the format string
surface_mesh\IO_off.cpp(87): warning C4477: 'sscanf' : format string '%f' requires an argument of type 'float *', but variadic argument 3 has type 'double *'
  surface_mesh\IO_off.cpp(87): note: consider using '%lf' in the format string
surface_mesh\IO_off.cpp(87): warning C4996: 'sscanf': This function or variable may be unsafe. Consider using sscanf_s instead. To disable deprecation, use _CRT_SECURE_NO_WARNINGS. See online help for details.
  C:\Program Files (x86)\Windows Kits\10\Include\10.0.14393.0\ucrt\stdio.h(2254): note: see declaration of 'sscanf'
surface_mesh\IO_off.cpp(89): warning C4996: 'sscanf': This function or variable may be unsafe. Consider using sscanf_s instead. To disable deprecation, use _CRT_SECURE_NO_WARNINGS. See online help for details.
  C:\Program Files (x86)\Windows Kits\10\Include\10.0.14393.0\ucrt\stdio.h(2254): note: see declaration of 'sscanf'
surface_mesh\IO_off.cpp(98): warning C4477: 'sscanf' : format string '%f' requires an argument of type 'float *', but variadic argument 1 has type 'double *'
  surface_mesh\IO_off.cpp(98): note: consider using '%lf' in the format string
surface_mesh\IO_off.cpp(98): warning C4477: 'sscanf' : format string '%f' requires an argument of type 'float *', but variadic argument 2 has type 'double *'
  surface_mesh\IO_off.cpp(98): note: consider using '%lf' in the format string
surface_mesh\IO_off.cpp(98): warning C4477: 'sscanf' : format string '%f' requires an argument of type 'float *', but variadic argument 3 has type 'double *'
  surface_mesh\IO_off.cpp(98): note: consider using '%lf' in the format string
surface_mesh\IO_off.cpp(98): warning C4996: 'sscanf': This function or variable may be unsafe. Consider using sscanf_s instead. To disable deprecation, use _CRT_SECURE_NO_WARNINGS. See online help for details.
  C:\Program Files (x86)\Windows Kits\10\Include\10.0.14393.0\ucrt\stdio.h(2254): note: see declaration of 'sscanf'
surface_mesh\IO_off.cpp(100): warning C4996: 'sscanf': This function or variable may be unsafe. Consider using sscanf_s instead. To disable deprecation, use _CRT_SECURE_NO_WARNINGS. See online help for details.
  C:\Program Files (x86)\Windows Kits\10\Include\10.0.14393.0\ucrt\stdio.h(2254): note: see declaration of 'sscanf'
surface_mesh\IO_off.cpp(113): warning C4477: 'sscanf' : format string '%f' requires an argument of type 'float *', but variadic argument 1 has type 'double *'
  surface_mesh\IO_off.cpp(113): note: consider using '%lf' in the format string
surface_mesh\IO_off.cpp(113): warning C4477: 'sscanf' : format string '%f' requires an argument of type 'float *', but variadic argument 2 has type 'double *'
  surface_mesh\IO_off.cpp(113): note: consider using '%lf' in the format string
surface_mesh\IO_off.cpp(113): warning C4477: 'sscanf' : format string '%f' requires an argument of type 'float *', but variadic argument 3 has type 'double *'
  surface_mesh\IO_off.cpp(113): note: consider using '%lf' in the format string
surface_mesh\IO_off.cpp(113): warning C4996: 'sscanf': This function or variable may be unsafe. Consider using sscanf_s instead. To disable deprecation, use _CRT_SECURE_NO_WARNINGS. See online help for details.
  C:\Program Files (x86)\Windows Kits\10\Include\10.0.14393.0\ucrt\stdio.h(2254): note: see declaration of 'sscanf'
surface_mesh\IO_off.cpp(115): warning C4996: 'sscanf': This function or variable may be unsafe. Consider using sscanf_s instead. To disable deprecation, use _CRT_SECURE_NO_WARNINGS. See online help for details.
  C:\Program Files (x86)\Windows Kits\10\Include\10.0.14393.0\ucrt\stdio.h(2254): note: see declaration of 'sscanf'
surface_mesh\IO_off.cpp(128): warning C4477: 'sscanf' : format string '%f' requires an argument of type 'float *', but variadic argument 1 has type 'double *'
  surface_mesh\IO_off.cpp(128): note: consider using '%lf' in the format string
surface_mesh\IO_off.cpp(128): warning C4477: 'sscanf' : format string '%f' requires an argument of type 'float *', but variadic argument 2 has type 'double *'
  surface_mesh\IO_off.cpp(128): note: consider using '%lf' in the format string
surface_mesh\IO_off.cpp(128): warning C4996: 'sscanf': This function or variable may be unsafe. Consider using sscanf_s instead. To disable deprecation, use _CRT_SECURE_NO_WARNINGS. See online help for details.
  C:\Program Files (x86)\Windows Kits\10\Include\10.0.14393.0\ucrt\stdio.h(2254): note: see declaration of 'sscanf'
surface_mesh\IO_off.cpp(130): warning C4996: 'sscanf': This function or variable may be unsafe. Consider using sscanf_s instead. To disable deprecation, use _CRT_SECURE_NO_WARNINGS. See online help for details.
  C:\Program Files (x86)\Windows Kits\10\Include\10.0.14393.0\ucrt\stdio.h(2254): note: see declaration of 'sscanf'
surface_mesh\IO_off.cpp(149): warning C4996: 'sscanf': This function or variable may be unsafe. Consider using sscanf_s instead. To disable deprecation, use _CRT_SECURE_NO_WARNINGS. See online help for details.
  C:\Program Files (x86)\Windows Kits\10\Include\10.0.14393.0\ucrt\stdio.h(2254): note: see declaration of 'sscanf'
surface_mesh\IO_off.cpp(157): warning C4996: 'sscanf': This function or variable may be unsafe. Consider using sscanf_s instead. To disable deprecation, use _CRT_SECURE_NO_WARNINGS. See online help for details.
  C:\Program Files (x86)\Windows Kits\10\Include\10.0.14393.0\ucrt\stdio.h(2254): note: see declaration of 'sscanf'
surface_mesh\IO_off.cpp(263): warning C4996: 'fopen': This function or variable may be unsafe. Consider using fopen_s instead. To disable deprecation, use _CRT_SECURE_NO_WARNINGS. See online help for details.
  C:\Program Files (x86)\Windows Kits\10\Include\10.0.14393.0\ucrt\stdio.h(207): note: see declaration of 'fopen'
surface_mesh\IO_off.cpp(292): warning C4996: 'fopen': This function or variable may be unsafe. Consider using fopen_s instead. To disable deprecation, use _CRT_SECURE_NO_WARNINGS. See online help for details.
  C:\Program Files (x86)\Windows Kits\10\Include\10.0.14393.0\ucrt\stdio.h(207): note: see declaration of 'fopen'
surface_mesh\IO_off.cpp(314): warning C4996: 'fopen': This function or variable may be unsafe. Consider using fopen_s instead. To disable deprecation, use _CRT_SECURE_NO_WARNINGS. See online help for details.
  C:\Program Files (x86)\Windows Kits\10\Include\10.0.14393.0\ucrt\stdio.h(207): note: see declaration of 'fopen'
  IO_obj.cpp
C:\Users\Dominic\Desktop\Projects\mesh-deformation\include\surface_mesh/Surface_mesh.h(1668): warning C4244: '=': conversion from 'double' to 'float', possible loss of data
surface_mesh\IO_obj.cpp(51): warning C4996: 'fopen': This function or variable may be unsafe. Consider using fopen_s instead. To disable deprecation, use _CRT_SECURE_NO_WARNINGS. See online help for details.
  C:\Program Files (x86)\Windows Kits\10\Include\10.0.14393.0\ucrt\stdio.h(207): note: see declaration of 'fopen'
surface_mesh\IO_obj.cpp(68): warning C4996: 'sscanf': This function or variable may be unsafe. Consider using sscanf_s instead. To disable deprecation, use _CRT_SECURE_NO_WARNINGS. See online help for details.
  C:\Program Files (x86)\Windows Kits\10\Include\10.0.14393.0\ucrt\stdio.h(2254): note: see declaration of 'sscanf'
surface_mesh\IO_obj.cpp(76): warning C4996: 'sscanf': This function or variable may be unsafe. Consider using sscanf_s instead. To disable deprecation, use _CRT_SECURE_NO_WARNINGS. See online help for details.
  C:\Program Files (x86)\Windows Kits\10\Include\10.0.14393.0\ucrt\stdio.h(2254): note: see declaration of 'sscanf'
surface_mesh\IO_obj.cpp(86): warning C4996: 'sscanf': This function or variable may be unsafe. Consider using sscanf_s instead. To disable deprecation, use _CRT_SECURE_NO_WARNINGS. See online help for details.
  C:\Program Files (x86)\Windows Kits\10\Include\10.0.14393.0\ucrt\stdio.h(2254): note: see declaration of 'sscanf'
surface_mesh\IO_obj.cpp(197): warning C4996: 'fopen': This function or variable may be unsafe. Consider using fopen_s instead. To disable deprecation, use _CRT_SECURE_NO_WARNINGS. See online help for details.
  C:\Program Files (x86)\Windows Kits\10\Include\10.0.14393.0\ucrt\stdio.h(207): note: see declaration of 'fopen'
C:\Users\Dominic\Desktop\Projects\mesh-deformation\include\surface_mesh/properties.h(132): warning C4316: 'surface_mesh::Property_array<T>': object allocated on the heap may not be aligned 16
          with
          [
              T=surface_mesh::Texture_coordinate
          ]
  C:\Users\Dominic\Desktop\Projects\mesh-deformation\include\surface_mesh/properties.h(131): note: while compiling class template member function 'surface_mesh::Base_property_array *surface_mesh::Property_array<T>::clone(void) const'
          with
          [
              T=surface_mesh::Texture_coordinate
          ]
  C:\Users\Dominic\Desktop\Projects\mesh-deformation\include\surface_mesh/properties.h(197): note: see reference to class template instantiation 'surface_mesh::Property_array<T>' being compiled
          with
          [
              T=surface_mesh::Texture_coordinate
          ]
  C:\Users\Dominic\Desktop\Projects\mesh-deformation\include\surface_mesh/Surface_mesh.h(209): note: see reference to class template instantiation 'surface_mesh::Property<T>' being compiled
          with
          [
              T=surface_mesh::Texture_coordinate
          ]
  surface_mesh\IO_obj.cpp(43): note: see reference to class template instantiation 'surface_mesh::Surface_mesh::Halfedge_property<surface_mesh::Texture_coordinate>' being compiled
C:\Users\Dominic\Desktop\Projects\mesh-deformation\include\surface_mesh/Surface_mesh.h(1315): error C2719: 't': formal parameter with requested alignment of 16 won't be aligned
  surface_mesh\IO_obj.cpp(43): note: see reference to function template instantiation 'surface_mesh::Surface_mesh::Halfedge_property<surface_mesh::Texture_coordinate> surface_mesh::Surface_mesh::halfedge_property<surface_mesh::Texture_coordinate>(const std::string &,const T)' being compiled
          with
          [
              T=surface_mesh::Texture_coordinate
          ]
  IO.cpp
C:\Users\Dominic\Desktop\Projects\mesh-deformation\include\surface_mesh/Surface_mesh.h(1668): warning C4244: '=': conversion from 'double' to 'float', possible loss of data
  main.cpp
C:\Users\Dominic\Desktop\Projects\mesh-deformation\include\surface_mesh/Surface_mesh.h(1668): warning C4244: '=': conversion from 'double' to 'float', possible loss of data
  Generating Code...
